Copyright 1986-2020 Xilinx, Inc. All Rights Reserved.
------------------------------------------------------------------------------------------------------------------------------------------------------------------------------------------------------------------------------------------------------------------------------------------------------------------------------------------------------------------------------------------------------------------------------------------------------------------------------------------------------------------------------------------------------------------------------------------------------------------------------------------------------------------------------------------------------------------------------------------------------------------------------------------------------------------------------------------------------------------------------------------------------------------------------------------------------------------------------------------------------------------------------------------------------------------------------------------------------------------------------------------------------------------
| Tool Version : Vivado v.2020.1 (lin64) Build 2902540 Wed May 27 19:54:35 MDT 2020
| Date         : Tue Oct 13 17:46:25 2020
| Host         : xtraf1.d1.comp.nus.edu.sg running 64-bit Ubuntu 16.04.6 LTS
| Command      : report_accelerator_utilization -kernels { mem_read:pfm_top_i/dynamic_region/mem_read_1/inst:mem_read_1 mem_write:pfm_top_i/dynamic_region/mem_write_1/inst:mem_write_1 rmain:pfm_top_i/dynamic_region/rmain_1/inst:rmain_1 ssrng:pfm_top_i/dynamic_region/ssrng_1/inst:ssrng_1 state_transition_0_stage:pfm_top_i/dynamic_region/state_transition_0_stage_1/inst:state_transition_0_stage_1 state_transition_1_stage:pfm_top_i/dynamic_region/state_transition_1_stage_1/inst:state_transition_1_stage_1 state_transition_2_stage:pfm_top_i/dynamic_region/state_transition_2_stage_1/inst:state_transition_2_stage_1 state_transition_3_stage:pfm_top_i/dynamic_region/state_transition_3_stage_1/inst:state_transition_3_stage_1 state_transition_4_stage:pfm_top_i/dynamic_region/state_transition_4_stage_1/inst:state_transition_4_stage_1 state_transition_5_stage:pfm_top_i/dynamic_region/state_transition_5_stage_1/inst:state_transition_5_stage_1 state_transition_merge:pfm_top_i/dynamic_region/state_transition_merge_1/inst:state_transition_merge_1} -file ../../../output/kernel_util_routed.rpt -name kernel_util_routed -json
| Design       : pfm_top_wrapper
| Device       : xcu250
| Design State : Fully Placed
------------------------------------------------------------------------------------------------------------------------------------------------------------------------------------------------------------------------------------------------------------------------------------------------------------------------------------------------------------------------------------------------------------------------------------------------------------------------------------------------------------------------------------------------------------------------------------------------------------------------------------------------------------------------------------------------------------------------------------------------------------------------------------------------------------------------------------------------------------------------------------------------------------------------------------------------------------------------------------------------------------------------------------------------------------------------------------------------------------------------------------------------------------------

Accelerator Utilization Design Information

Table of Contents
-----------------
1. System Utilization

1. System Utilization
---------------------

+-------------------------------+-------------------+------------------+-------------------+----------------+----------------+-----------------+
| Name                          | LUT               | LUTAsMem         | REG               | BRAM           | URAM           | DSP             |
+-------------------------------+-------------------+------------------+-------------------+----------------+----------------+-----------------+
| Platform                      |  251379 [ 14.55%] |  39229 [  4.96%] |  309086 [  8.94%] |  287 [ 10.68%] |    5 [  0.39%] |     7 [  0.06%] |
| User Budget                   | 1476621 [100.00%] | 751811 [100.00%] | 3146914 [100.00%] | 2401 [100.00%] | 1275 [100.00%] | 12281 [100.00%] |
|    Used Resources             |    3401 [  0.23%] |    624 [  0.08%] |    5500 [  0.17%] |    0 [  0.00%] |    0 [  0.00%] |    54 [  0.44%] |
|    Unused Resources           | 1473220 [ 99.77%] | 751187 [ 99.92%] | 3141414 [ 99.83%] | 2401 [100.00%] | 1275 [100.00%] | 12227 [ 99.56%] |
| mem_read                      |    1106 [  0.07%] |    282 [  0.04%] |    1285 [  0.04%] |    0 [  0.00%] |    0 [  0.00%] |     0 [  0.00%] |
|    mem_read_1                 |    1106 [  0.07%] |    282 [  0.04%] |    1285 [  0.04%] |    0 [  0.00%] |    0 [  0.00%] |     0 [  0.00%] |
| mem_write                     |    1299 [  0.09%] |    342 [  0.05%] |    1485 [  0.05%] |    0 [  0.00%] |    0 [  0.00%] |     0 [  0.00%] |
|    mem_write_1                |    1299 [  0.09%] |    342 [  0.05%] |    1485 [  0.05%] |    0 [  0.00%] |    0 [  0.00%] |     0 [  0.00%] |
| rmain                         |     125 [ <0.01%] |      0 [  0.00%] |     218 [ <0.01%] |    0 [  0.00%] |    0 [  0.00%] |     0 [  0.00%] |
|    rmain_1                    |     125 [ <0.01%] |      0 [  0.00%] |     218 [ <0.01%] |    0 [  0.00%] |    0 [  0.00%] |     0 [  0.00%] |
| ssrng                         |      61 [ <0.01%] |      0 [  0.00%] |     142 [ <0.01%] |    0 [  0.00%] |    0 [  0.00%] |     0 [  0.00%] |
|    ssrng_1                    |      61 [ <0.01%] |      0 [  0.00%] |     142 [ <0.01%] |    0 [  0.00%] |    0 [  0.00%] |     0 [  0.00%] |
| state_transition_0_stage      |      91 [ <0.01%] |      0 [  0.00%] |     287 [ <0.01%] |    0 [  0.00%] |    0 [  0.00%] |     9 [  0.07%] |
|    state_transition_0_stage_1 |      91 [ <0.01%] |      0 [  0.00%] |     287 [ <0.01%] |    0 [  0.00%] |    0 [  0.00%] |     9 [  0.07%] |
| state_transition_1_stage      |      91 [ <0.01%] |      0 [  0.00%] |     287 [ <0.01%] |    0 [  0.00%] |    0 [  0.00%] |     9 [  0.07%] |
|    state_transition_1_stage_1 |      91 [ <0.01%] |      0 [  0.00%] |     287 [ <0.01%] |    0 [  0.00%] |    0 [  0.00%] |     9 [  0.07%] |
| state_transition_2_stage      |      91 [ <0.01%] |      0 [  0.00%] |     287 [ <0.01%] |    0 [  0.00%] |    0 [  0.00%] |     9 [  0.07%] |
|    state_transition_2_stage_1 |      91 [ <0.01%] |      0 [  0.00%] |     287 [ <0.01%] |    0 [  0.00%] |    0 [  0.00%] |     9 [  0.07%] |
| state_transition_3_stage      |      91 [ <0.01%] |      0 [  0.00%] |     287 [ <0.01%] |    0 [  0.00%] |    0 [  0.00%] |     9 [  0.07%] |
|    state_transition_3_stage_1 |      91 [ <0.01%] |      0 [  0.00%] |     287 [ <0.01%] |    0 [  0.00%] |    0 [  0.00%] |     9 [  0.07%] |
| state_transition_4_stage      |      91 [ <0.01%] |      0 [  0.00%] |     287 [ <0.01%] |    0 [  0.00%] |    0 [  0.00%] |     9 [  0.07%] |
|    state_transition_4_stage_1 |      91 [ <0.01%] |      0 [  0.00%] |     287 [ <0.01%] |    0 [  0.00%] |    0 [  0.00%] |     9 [  0.07%] |
| state_transition_5_stage      |      91 [ <0.01%] |      0 [  0.00%] |     287 [ <0.01%] |    0 [  0.00%] |    0 [  0.00%] |     9 [  0.07%] |
|    state_transition_5_stage_1 |      91 [ <0.01%] |      0 [  0.00%] |     287 [ <0.01%] |    0 [  0.00%] |    0 [  0.00%] |     9 [  0.07%] |
| state_transition_merge        |     264 [  0.02%] |      0 [  0.00%] |     648 [  0.02%] |    0 [  0.00%] |    0 [  0.00%] |     0 [  0.00%] |
|    state_transition_merge_1   |     264 [  0.02%] |      0 [  0.00%] |     648 [  0.02%] |    0 [  0.00%] |    0 [  0.00%] |     0 [  0.00%] |
+-------------------------------+-------------------+------------------+-------------------+----------------+----------------+-----------------+


